1756883002,144495,0,net_delay_demo,
1756883002,144495,0,net_delay_demo,
1756883002,144495,0,net_delay_demo,
1756883002,13917,1000,node,
1756883002,13917,1000,node,
1756883002,13917,1000,node,
1756883002,13917,1000,node,
1756883002,13917,1000,node,
1756883002,13917,1000,node,
1756883003,144495,0,ZMQbg/IO/0,
1756883003,13941,1000,node,
1756883003,13878,1000,libuv-worker,
1756883003,670,108,systemd-oomd,
1756883003,13917,1000,node,
1756883003,13917,1000,node,
1756883003,13917,1000,node,
1756883003,13917,1000,node,
1756883003,13917,1000,node,
1756883003,144495,0,ZMQbg/IO/0,
1756883003,13941,1000,libuv-worker,
1756883003,13941,1000,node,
1756883003,144495,0,ZMQbg/IO/0,
1756883003,13917,1000,node,
1756883003,13917,1000,node,
1756883003,13917,1000,node,
1756883003,13917,1000,node,
1756883003,13917,1000,node,
1756883003,670,108,systemd-oomd,
1756883003,144495,0,ZMQbg/IO/0,
1756883003,13917,1000,node,
1756883003,13917,1000,node,
1756883003,13917,1000,node,
1756883003,13917,1000,node,
1756883003,13917,1000,node,
1756883003,670,108,systemd-oomd,
1756883003,13878,1000,libuv-worker,
1756883003,144495,0,ZMQbg/IO/0,
1756883003,13917,1000,node,
1756883003,13917,1000,node,
1756883003,13917,1000,node,
1756883003,13917,1000,node,
1756883003,13917,1000,node,
1756883003,144499,1000,which,
1756883003,144501,1000,ps,
1756883003,144501,1000,ps,
1756883003,144501,1000,ps,
1756883003,144501,1000,ps,
1756883003,144501,1000,ps,
1756883003,144501,1000,ps,
1756883003,144501,1000,ps,
1756883003,144501,1000,ps,
1756883003,144501,1000,ps,
1756883003,144501,1000,ps,
1756883003,144501,1000,ps,
1756883003,144501,1000,ps,
1756883003,144501,1000,ps,
1756883003,144501,1000,ps,
1756883003,144501,1000,ps,
1756883003,144501,1000,ps,
1756883003,144501,1000,ps,
1756883003,144501,1000,ps,
1756883003,144501,1000,ps,
1756883003,144501,1000,ps,
1756883003,144501,1000,ps,
1756883003,144501,1000,ps,
1756883003,144501,1000,ps,
1756883003,144501,1000,ps,
1756883003,144501,1000,ps,
1756883003,144501,1000,ps,
1756883003,144501,1000,ps,
1756883003,144501,1000,ps,
1756883003,144501,1000,ps,
1756883003,144501,1000,ps,
1756883003,144501,1000,ps,
1756883003,144501,1000,ps,
1756883003,144501,1000,ps,
1756883003,144501,1000,ps,
1756883003,144501,1000,ps,
1756883003,144502,1000,sh,
1756883003,13917,1000,node,
1756883003,13917,1000,node,
1756883004,13917,1000,node,
1756883004,144388,1000,tracker-extract,
1756883005,13917,1000,node,
1756883005,1,0,systemd,
1756883005,144555,0,python3,
1756883005,364,0,systemd-journal,
1756883005,1,0,systemd,
1756883006,144559,1000,ps,
1756883006,144559,1000,ps,
1756883006,144559,1000,ps,
1756883006,144559,1000,ps,
1756883006,144559,1000,ps,
1756883006,144559,1000,ps,
1756883006,144559,1000,ps,
1756883006,144559,1000,ps,
1756883006,144559,1000,ps,
1756883006,144559,1000,ps,
1756883006,144559,1000,ps,
1756883006,144559,1000,ps,
1756883006,144559,1000,ps,
1756883006,144559,1000,ps,
1756883006,144559,1000,ps,
1756883006,144559,1000,ps,
1756883006,144559,1000,ps,
1756883006,144559,1000,ps,
1756883006,144559,1000,ps,
1756883006,144559,1000,ps,
1756883006,144559,1000,ps,
1756883006,144559,1000,ps,
1756883006,144559,1000,ps,
1756883006,144559,1000,ps,
1756883006,144559,1000,ps,
1756883006,144559,1000,ps,
1756883006,144559,1000,ps,
1756883006,144563,1000,cpuUsage.sh,
1756883006,144561,1000,cpuUsage.sh,
1756883006,144569,1000,cat,
1756883006,144571,1000,cpuUsage.sh,
1756883006,144561,1000,cpuUsage.sh,
1756883006,144577,1000,cpuUsage.sh,
