1756883002,144495,0,net_delay_demo,/sys/kernel/debug/tracing/events/syscalls/sys_enter_read/id,524288
1756883002,144495,0,net_delay_demo,/sys/bus/event_source/devices/kprobe/type,524288
1756883002,144495,0,net_delay_demo,/sys/bus/event_source/devices/kprobe/type,524288
1756883002,670,108,systemd-oomd,/proc/meminfo,524288
1756883002,144495,0,net_delay_demo,/sys/bus/event_source/devices/kprobe/type,524288
1756883002,144495,0,net_delay_demo,/sys/bus/event_source/devices/kprobe/type,524288
1756883002,144495,0,net_delay_demo,/sys/kernel/debug/tracing/events/syscalls/sys_enter_unlinkat/id,524288
1756883002,144495,0,net_delay_demo,/sys/kernel/debug/tracing/events/syscalls/sys_enter_chmod/id,524288
1756883002,144495,0,net_delay_demo,/sys/kernel/debug/tracing/events/syscalls/sys_enter_chown/id,524288
1756883002,13917,1000,node,/proc/144493/cmdline,0
1756883002,13917,1000,node,/proc/144493/cmdline,0
1756883002,13917,1000,node,/proc/131179/cmdline,0
1756883002,13917,1000,node,/proc/80632/cmdline,0
1756883002,13917,1000,node,/proc/27989/cmdline,0
1756883002,13917,1000,node,/proc/139464/cmdline,0
1756883003,13878,1000,libuv-worker,/home/cuijian/Desktop/net-delay-master/ebpf/write_events.log,524288
1756883003,670,108,systemd-oomd,/proc/meminfo,524288
1756883003,13917,1000,node,/proc/144493/cmdline,0
1756883003,13917,1000,node,/proc/131179/cmdline,0
1756883003,13917,1000,node,/proc/80632/cmdline,0
1756883003,13917,1000,node,/proc/27989/cmdline,0
1756883003,13917,1000,node,/proc/139464/cmdline,0
1756883003,13941,1000,libuv-worker,/home/cuijian/.vscode-server/data/User/workspaceStorage/ec709863b339877a978473850cfa98e1/vscode.lock,524288
1756883003,13917,1000,node,/proc/144493/cmdline,0
1756883003,13917,1000,node,/proc/131179/cmdline,0
1756883003,13917,1000,node,/proc/80632/cmdline,0
1756883003,13917,1000,node,/proc/27989/cmdline,0
1756883003,13917,1000,node,/proc/139464/cmdline,0
1756883003,670,108,systemd-oomd,/proc/meminfo,524288
1756883003,13917,1000,node,/proc/144493/cmdline,0
1756883003,13917,1000,node,/proc/131179/cmdline,0
1756883003,13917,1000,node,/proc/80632/cmdline,0
1756883003,13917,1000,node,/proc/27989/cmdline,0
1756883003,13917,1000,node,/proc/139464/cmdline,0
1756883003,670,108,systemd-oomd,/proc/meminfo,524288
1756883003,13878,1000,libuv-worker,/home/cuijian/Desktop/net-delay-master/ebpf/write_events.log,524288
1756883003,13917,1000,node,/proc/144493/cmdline,0
1756883003,13917,1000,node,/proc/131179/cmdline,0
1756883003,13917,1000,node,/proc/80632/cmdline,0
1756883003,13917,1000,node,/proc/27989/cmdline,0
1756883003,13917,1000,node,/proc/139464/cmdline,0
1756883003,144501,1000,ps,/proc/2/stat,0
1756883003,144501,1000,ps,/proc/28/cmdline,0
1756883003,144501,1000,ps,/proc/48/cmdline,0
1756883003,144501,1000,ps,/proc/66/status,0
1756883003,144501,1000,ps,/proc/66/cmdline,0
1756883003,144501,1000,ps,/proc/77/stat,0
1756883003,144501,1000,ps,/proc/85/cmdline,0
1756883003,144501,1000,ps,/proc/98/status,0
1756883003,144501,1000,ps,/proc/98/cmdline,0
1756883003,144501,1000,ps,/proc/128/status,0
1756883003,144501,1000,ps,/proc/181/status,0
1756883003,144501,1000,ps,/proc/181/cmdline,0
1756883003,144501,1000,ps,/proc/202/stat,0
1756883003,144501,1000,ps,/proc/240/status,0
1756883003,144501,1000,ps,/proc/240/cmdline,0
1756883003,144501,1000,ps,/proc/1816/stat,0
1756883003,144501,1000,ps,/proc/2083/stat,0
1756883003,144501,1000,ps,/proc/2218/stat,0
1756883003,144501,1000,ps,/proc/2253/cmdline,0
1756883003,144501,1000,ps,/proc/2278/cmdline,0
1756883003,144501,1000,ps,/proc/2385/status,0
1756883003,144501,1000,ps,/proc/2429/cmdline,0
1756883003,144501,1000,ps,/proc/2487/stat,0
1756883003,144501,1000,ps,/proc/2691/status,0
1756883003,144501,1000,ps,/proc/13952/cmdline,0
1756883003,144501,1000,ps,/proc/31823/cmdline,0
1756883003,144501,1000,ps,/proc/80632/status,0
1756883003,144501,1000,ps,/proc/97679/status,0
1756883003,144501,1000,ps,/proc/126360/status,0
1756883003,144501,1000,ps,/proc/131179/cmdline,0
1756883003,144501,1000,ps,/proc/132310/status,0
1756883003,144501,1000,ps,/proc/140233/stat,0
1756883003,144501,1000,ps,/proc/140884/status,0
1756883003,144501,1000,ps,/proc/140884/cmdline,0
1756883003,144501,1000,ps,/proc/142487/status,0
1756883003,144501,1000,ps,/proc/143543/status,0
1756883003,144501,1000,ps,/proc/143569/cmdline,0
1756883003,144501,1000,ps,/proc/144108/cmdline,0
1756883003,144501,1000,ps,/proc/144493/stat,0
1756883003,144503,1000,cpuUsage.sh,/lib/x86_64-linux-gnu/libc.so.6,524288
1756883003,144505,1000,cat,/lib/x86_64-linux-gnu/libc.so.6,524288
1756883004,13917,1000,node,/proc/131179/cmdline,0
1756883005,670,108,systemd-oomd,/proc/meminfo,524288
1756883005,364,0,systemd-journal,/proc/1/sessionid,524288
1756883005,1,0,systemd,/sys/fs/cgroup/system.slice/neurobpf.service/cpuset.cpus,524545
1756883005,144555,0,python3,/usr/lib/python3.10,591872
1756883005,144555,0,python3,/usr/lib/python3.10/encodings/__pycache__/__init__.cpython-310.pyc,524288
1756883005,144555,0,python3,/usr/lib/python3.10/lib-dynload,591872
1756883005,364,0,systemd-journal,/proc/144555/status,524544
1756883005,13917,1000,node,/proc/139464/cmdline,0
1756883006,144559,1000,ps,/lib/x86_64-linux-gnu/libgpg-error.so.0,524288
1756883006,144559,1000,ps,/proc/245/stat,0
1756883006,144559,1000,ps,/proc/252/stat,0
1756883006,144559,1000,ps,/proc/325/stat,0
1756883006,144559,1000,ps,/proc/531/cmdline,0
1756883006,144559,1000,ps,/proc/923/cmdline,0
1756883006,144559,1000,ps,/proc/1012/stat,0
1756883006,144559,1000,ps,/proc/1012/status,0
1756883006,144559,1000,ps,/proc/1298/stat,0
1756883006,144559,1000,ps,/proc/2362/stat,0
1756883006,144559,1000,ps,/proc/2409/cmdline,0
1756883006,144559,1000,ps,/proc/2436/cmdline,0
1756883006,144559,1000,ps,/proc/2450/cmdline,0
1756883006,144559,1000,ps,/proc/2637/cmdline,0
1756883006,144559,1000,ps,/proc/3601/stat,0
1756883006,144559,1000,ps,/proc/9873/stat,0
1756883006,144559,1000,ps,/proc/9873/status,0
1756883006,144559,1000,ps,/proc/24082/stat,0
1756883006,144559,1000,ps,/proc/40028/status,0
1756883006,144559,1000,ps,/proc/46707/cmdline,0
1756883006,144559,1000,ps,/proc/47765/status,0
1756883006,144559,1000,ps,/proc/51279/stat,0
1756883006,144559,1000,ps,/proc/77368/status,0
1756883006,144559,1000,ps,/proc/97641/stat,0
1756883006,144559,1000,ps,/proc/131197/stat,0
1756883006,144559,1000,ps,/proc/131861/stat,0
1756883006,144559,1000,ps,/proc/132310/stat,0
1756883006,144559,1000,ps,/proc/139271/status,0
1756883006,144559,1000,ps,/proc/139464/status,0
1756883006,144559,1000,ps,/proc/143544/status,0
1756883006,144559,1000,ps,/proc/143544/cmdline,0
1756883006,144559,1000,ps,/proc/143545/status,0
1756883006,144559,1000,ps,/proc/143569/status,0
1756883006,144559,1000,ps,/proc/144120/status,0
1756883006,144559,1000,ps,/proc/144388/cmdline,0
1756883006,144559,1000,ps,/proc/144493/status,0
1756883006,144559,1000,ps,/proc/144559/status,0
1756883006,144563,1000,cat,,524288
1756883006,144574,1000,cat,,524288
1756883006,144574,1000,cat,/proc/134464/stat,0
1756883006,13917,1000,node,/proc/139464/cmdline,0
